.CODE
PUSH simple_heap_init
CALL
PUSH Amain
CALL
HALT

simple_heap_init:
RET 0

simple_malloc:
LOADFP ; Unit initialization
LOADSP
STOREFP ; Ends RA initialization
LOADHL ; hl
DUP ; hl
PUSH 1 ; 1
ADD ; hl + 1
STORE 4 ; Stores result (pointer to the base of the block)
LOAD 3 ; Loads the number of cells to allocate (parameter)
ADD
STOREHL ; Moves the heap limit (hl)
STOREFP
RET 1 ; Returns, removing the parameter

.DATA
VT_A: NOP
.CODE
Amain:
LOADFP
LOADSP
STOREFP
PUSH 1 ; push integer
PUSH 3 ; push integer
LT
BF else_label5 ; jumps to the 'else', the condition is false
PUSH 11 ; push integer
PUSH SystemprintIlnint
CALL
FMEM 0 ; free space for local variables, 0 memory spaces were freed 
JUMP out_if_label5 ; skip the 'else'
else_label5:
PUSH 10 ; push integer
PUSH SystemprintIlnint
CALL
FMEM 0 ; free space for local variables, 0 memory spaces were freed 
out_if_label5: NOP
PUSH 1 ; push integer
PUSH 3 ; push integer
GE
BF else_label6 ; jumps to the 'else', the condition is false
PUSH 21 ; push integer
PUSH SystemprintIlnint
CALL
FMEM 0 ; free space for local variables, 0 memory spaces were freed 
JUMP out_if_label6 ; skip the 'else'
else_label6:
PUSH 20 ; push integer
PUSH SystemprintIlnint
CALL
FMEM 0 ; free space for local variables, 0 memory spaces were freed 
out_if_label6: NOP
PUSH 1 ; push integer
PUSH 3 ; push integer
EQ
BF out_if_label7 ; jumps out of the 'if', if the condition is false
PUSH 31 ; push integer
PUSH SystemprintIlnint
CALL
FMEM 0 ; free space for local variables, 0 memory spaces were freed 
out_if_label7: NOP 
PUSH 30 ; push integer
PUSH SystemprintIlnint
CALL
FMEM 0 ; free space for local variables, 0 memory spaces were freed 
STOREFP
RET 0

.DATA
VT_Object: NOP
.CODE
ObjectdebugPrintint:
LOADFP
LOADSP
STOREFP
LOAD 3
IPRINT
STOREFP
RET 1 ; Returns deleting the parameter

.DATA
VT_String: NOP
.CODE
.DATA
VT_System: NOP
.CODE
SystemprintCchar:
LOADFP
LOADSP
STOREFP
LOAD 3
CPRINT
STOREFP
RET 1 ; Returns deleting the parameter

SystemprintSString:
LOADFP
LOADSP
STOREFP
LOAD 3
SPRINT
STOREFP
RET 1 ; Returns deleting the parameter

Systemprintln:
LOADFP
LOADSP
STOREFP
PRNLN
STOREFP
RET 0 ; No parameters

SystemprintClnchar:
LOADFP
LOADSP
STOREFP
LOAD 3
CPRINT
PRNLN
STOREFP
RET 1 ; Returns deleting the parameter

SystemprintSlnString:
LOADFP
LOADSP
STOREFP
LOAD 3
SPRINT
PRNLN
STOREFP
RET 1 ; Returns deleting the parameter

Systemread:
LOADFP
LOADSP
STOREFP
READ   ; read the integer 
PUSH 48
SUB
STORE 3
STOREFP
RET 0 ; No parameters

SystemprintBboolean:
LOADFP
LOADSP
STOREFP
LOAD 3
BPRINT
STOREFP
RET 1 ; Returns deleting the parameter

SystemprintIlnint:
LOADFP
LOADSP
STOREFP
LOAD 3
IPRINT
PRNLN
STOREFP
RET 1 ; Returns deleting the parameter

SystemprintIint:
LOADFP
LOADSP
STOREFP
LOAD 3
IPRINT
STOREFP
RET 1 ; Returns deleting the parameter

SystemprintBlnboolean:
LOADFP
LOADSP
STOREFP
LOAD 3
BPRINT
PRNLN
STOREFP
RET 1 ; Returns deleting the parameter

