.CODE
PUSH simple_heap_init
CALL
PUSH Amain
CALL
HALT

simple_heap_init:
RET 0

simple_malloc:
LOADFP ; Unit initialization
LOADSP
STOREFP ; Ends RA initialization
LOADHL ; hl
DUP ; hl
PUSH 1 ; 1
ADD ; hl + 1
STORE 4 ; Stores result (pointer to the base of the block)
LOAD 3 ; Loads the number of cells to allocate (parameter)
ADD
STOREHL ; Moves the heap limit (hl)
STOREFP
RET 1 ; Returns, removing the parameter

.DATA
VT_A: NOP
.CODE
Am1intint:
LOADFP
LOADSP
STOREFP
RMEM 1; Saving space for local variable a
LOAD 3 ; parameter p1
STORE 0
RMEM 1; Saving space for local variable b
LOAD 4 ; parameter p2
STORE -1
FMEM 2
LOAD 0 ; local variable a
LOAD -1 ; local variable b
ADD
STORE 5
STOREFP
RET 2
FMEM 2 ; free space for local variables, 2 memory spaces were freed 
STOREFP
RET 2

Am2:
LOADFP
LOADSP
STOREFP
FMEM 0
PUSH '!' ; push character
STORE 3
STOREFP
RET 0
FMEM 0 ; free space for local variables, 0 memory spaces were freed 
STOREFP
RET 0

Amain:
LOADFP
LOADSP
STOREFP
RMEM 1; Saving space for local variable a
PUSH 'a' ; push character
STORE 0
RMEM 1; Saving space for local variable b
RMEM 1
PUSH 6 ; push integer
PUSH 5 ; push integer
PUSH Am1intint
CALL
STORE -1
LOAD -1 ; local variable b
PUSH ObjectdebugPrintint
CALL
PUSH Systemprintln
CALL
RMEM 1
PUSH Am2
CALL
PUSH SystemprintClnchar
CALL
FMEM 2 ; free space for local variables, 2 memory spaces were freed 
STOREFP
RET 0

.DATA
VT_Object: NOP
.CODE
ObjectdebugPrintint:
LOADFP
LOADSP
STOREFP
LOAD 3
IPRINT
STOREFP
RET 1 ; Returns deleting the parameter

.DATA
VT_String: NOP
.CODE
.DATA
VT_System: NOP
.CODE
SystemprintCchar:
LOADFP
LOADSP
STOREFP
LOAD 3
CPRINT
STOREFP
RET 1 ; Returns deleting the parameter

SystemprintSString:
LOADFP
LOADSP
STOREFP
LOAD 3
SPRINT
STOREFP
RET 1 ; Returns deleting the parameter

Systemprintln:
LOADFP
LOADSP
STOREFP
PRNLN
STOREFP
RET 0 ; No parameters

SystemprintClnchar:
LOADFP
LOADSP
STOREFP
LOAD 3
CPRINT
PRNLN
STOREFP
RET 1 ; Returns deleting the parameter

SystemprintSlnString:
LOADFP
LOADSP
STOREFP
LOAD 3
SPRINT
PRNLN
STOREFP
RET 1 ; Returns deleting the parameter

Systemread:
LOADFP
LOADSP
STOREFP
READ   ; read the integer 
PUSH 48
SUB
STORE 3
STOREFP
RET 0 ; No parameters

SystemprintBboolean:
LOADFP
LOADSP
STOREFP
LOAD 3
BPRINT
STOREFP
RET 1 ; Returns deleting the parameter

SystemprintIlnint:
LOADFP
LOADSP
STOREFP
LOAD 3
IPRINT
PRNLN
STOREFP
RET 1 ; Returns deleting the parameter

SystemprintIint:
LOADFP
LOADSP
STOREFP
LOAD 3
IPRINT
STOREFP
RET 1 ; Returns deleting the parameter

SystemprintBlnboolean:
LOADFP
LOADSP
STOREFP
LOAD 3
BPRINT
PRNLN
STOREFP
RET 1 ; Returns deleting the parameter

